Unable to find image 'rockylinux:8' locally
8: Pulling from library/rockylinux
9088cdb84e39: Pulling fs layer
9088cdb84e39: Verifying Checksum
9088cdb84e39: Download complete
9088cdb84e39: Pull complete
Digest: sha256:9794037624aaa6212aeada1d28861ef5e0a935adaf93e4ef79837119f2a2d04c
Status: Downloaded newer image for rockylinux:8
## System
NAME="Rocky Linux"
VERSION="8.9 (Green Obsidian)"
ID="rocky"
ID_LIKE="rhel centos fedora"
VERSION_ID="8.9"
PLATFORM_ID="platform:el8"
PRETTY_NAME="Rocky Linux 8.9 (Green Obsidian)"
ANSI_COLOR="0;32"
LOGO="fedora-logo-icon"
CPE_NAME="cpe:/o:rocky:rocky:8:GA"
HOME_URL="https://rockylinux.org/"
BUG_REPORT_URL="https://bugs.rockylinux.org/"
SUPPORT_END="2029-05-31"
ROCKY_SUPPORT_PRODUCT="Rocky-Linux-8"
ROCKY_SUPPORT_PRODUCT_VERSION="8.9"
REDHAT_SUPPORT_PRODUCT="Rocky Linux"
REDHAT_SUPPORT_PRODUCT_VERSION="8.9"

## Setup
dnf -y install dnf-plugins-core && if dnf repolist all | grep -q "^powertools"; then dnf config-manager --set-enabled powertools; fi && dnf -y install epel-release && dnf -y install gcc gcc-gfortran make cmake blas-devel lapack-devel binutils findutils tar gzip curl unzip python3
Rocky Linux 8 - AppStream                        11 MB/s |  30 MB     00:02    
Rocky Linux 8 - BaseOS                           29 MB/s |  64 MB     00:02    
Rocky Linux 8 - Extras                           47 kB/s |  15 kB     00:00    
Dependencies resolved.
================================================================================
 Package                       Arch        Version            Repository   Size
================================================================================
Installing:
 dnf-plugins-core              noarch      4.0.21-25.el8      baseos       76 k
Installing dependencies:
 dbus-glib                     x86_64      0.110-2.el8        baseos      126 k
 python3-dateutil              noarch      1:2.6.1-6.el8      baseos      250 k
 python3-dbus                  x86_64      1.2.4-15.el8       baseos      133 k
 python3-dnf-plugins-core      noarch      4.0.21-25.el8      baseos      262 k
 python3-six                   noarch      1.11.0-8.el8       baseos       37 k
 python3-systemd               x86_64      234-8.el8          baseos       80 k

Transaction Summary
================================================================================
Install  7 Packages

Total download size: 963 k
Installed size: 2.6 M
Downloading Packages:
(1/7): dnf-plugins-core-4.0.21-25.el8.noarch.rp 382 kB/s |  76 kB     00:00    
(2/7): dbus-glib-0.110-2.el8.x86_64.rpm         530 kB/s | 126 kB     00:00    
(3/7): python3-dateutil-2.6.1-6.el8.noarch.rpm  916 kB/s | 250 kB     00:00    
(4/7): python3-dbus-1.2.4-15.el8.x86_64.rpm     1.7 MB/s | 133 kB     00:00    
(5/7): python3-six-1.11.0-8.el8.noarch.rpm      949 kB/s |  37 kB     00:00    
(6/7): python3-systemd-234-8.el8.x86_64.rpm     2.0 MB/s |  80 kB     00:00    
(7/7): python3-dnf-plugins-core-4.0.21-25.el8.n 2.3 MB/s | 262 kB     00:00    
--------------------------------------------------------------------------------
Total                                           2.2 MB/s | 963 kB     00:00     
Rocky Linux 8 - BaseOS                          1.6 MB/s | 1.6 kB     00:00    
Importing GPG key 0x6D745A60:
 Userid     : "Release Engineering <infrastructure@rockylinux.org>"
 Fingerprint: 7051 C470 A929 F454 CEBE 37B7 15AF 5DAC 6D74 5A60
 From       : /etc/pki/rpm-gpg/RPM-GPG-KEY-rockyofficial
Key imported successfully
Running transaction check
Transaction check succeeded.
Running transaction test
Transaction test succeeded.
Running transaction
  Preparing        :                                                        1/1 
  Installing       : python3-systemd-234-8.el8.x86_64                       1/7 
  Installing       : python3-six-1.11.0-8.el8.noarch                        2/7 
  Installing       : python3-dateutil-1:2.6.1-6.el8.noarch                  3/7 
  Installing       : dbus-glib-0.110-2.el8.x86_64                           4/7 
  Running scriptlet: dbus-glib-0.110-2.el8.x86_64                           4/7 
  Installing       : python3-dbus-1.2.4-15.el8.x86_64                       5/7 
  Installing       : python3-dnf-plugins-core-4.0.21-25.el8.noarch          6/7 
  Installing       : dnf-plugins-core-4.0.21-25.el8.noarch                  7/7 
  Running scriptlet: dnf-plugins-core-4.0.21-25.el8.noarch                  7/7 
  Verifying        : dbus-glib-0.110-2.el8.x86_64                           1/7 
  Verifying        : dnf-plugins-core-4.0.21-25.el8.noarch                  2/7 
  Verifying        : python3-dateutil-1:2.6.1-6.el8.noarch                  3/7 
  Verifying        : python3-dbus-1.2.4-15.el8.x86_64                       4/7 
  Verifying        : python3-dnf-plugins-core-4.0.21-25.el8.noarch          5/7 
  Verifying        : python3-six-1.11.0-8.el8.noarch                        6/7 
  Verifying        : python3-systemd-234-8.el8.x86_64                       7/7 

Installed:
  dbus-glib-0.110-2.el8.x86_64                                                  
  dnf-plugins-core-4.0.21-25.el8.noarch                                         
  python3-dateutil-1:2.6.1-6.el8.noarch                                         
  python3-dbus-1.2.4-15.el8.x86_64                                              
  python3-dnf-plugins-core-4.0.21-25.el8.noarch                                 
  python3-six-1.11.0-8.el8.noarch                                               
  python3-systemd-234-8.el8.x86_64                                              

Complete!
Rocky Linux 8 - PowerTools                       12 MB/s | 5.7 MB     00:00    
Last metadata expiration check: 0:00:01 ago on Sat Jul  4 11:48:41 2026.
Dependencies resolved.
================================================================================
 Package               Architecture    Version            Repository       Size
================================================================================
Installing:
 epel-release          noarch          8-22.el8           extras           25 k

Transaction Summary
================================================================================
Install  1 Package

Total download size: 25 k
Installed size: 34 k
Downloading Packages:
epel-release-8-22.el8.noarch.rpm                144 kB/s |  25 kB     00:00    
--------------------------------------------------------------------------------
Total                                            92 kB/s |  25 kB     00:00     
Running transaction check
Transaction check succeeded.
Running transaction test
Transaction test succeeded.
Running transaction
  Preparing        :                                                        1/1 
  Installing       : epel-release-8-22.el8.noarch                           1/1 
  Running scriptlet: epel-release-8-22.el8.noarch                           1/1 
Many EPEL packages require the CodeReady Builder (CRB) repository.
It is recommended that you run /usr/bin/crb enable to enable the CRB repository.

  Verifying        : epel-release-8-22.el8.noarch                           1/1 

Installed:
  epel-release-8-22.el8.noarch                                                  

Complete!
Extra Packages for Enterprise Linux 8 - x86_64   14 MB/s |  14 MB     00:01    
Last metadata expiration check: 0:00:03 ago on Sat Jul  4 11:48:45 2026.
Package binutils-2.30-123.el8.x86_64 is already installed.
Package tar-2:1.30-9.el8.x86_64 is already installed.
Package gzip-1.9-13.el8_5.x86_64 is already installed.
Package curl-7.61.1-33.el8.x86_64 is already installed.
Dependencies resolved.
==========================================================================================
 Package                  Arch    Version                                Repository   Size
==========================================================================================
Installing:
 blas-devel               x86_64  3.8.0-9.el8_10                         powertools   25 k
 cmake                    x86_64  3.26.5-2.el8                           appstream    14 M
 findutils                x86_64  1:4.6.0-24.el8_10                      baseos      526 k
 gcc                      x86_64  8.5.0-28.el8_10                        appstream    23 M
 gcc-gfortran             x86_64  8.5.0-28.el8_10                        appstream    12 M
 lapack-devel             x86_64  3.8.0-9.el8_10                         powertools   88 k
 make                     x86_64  1:4.2.1-11.el8                         baseos      497 k
 python36                 x86_64  3.6.8-39.module+el8.10.0+1910+234ad790 appstream    18 k
 unzip                    x86_64  6.0-48.el8_10                          baseos      195 k
Upgrading:
 binutils                 x86_64  2.30-128.el8_10                        baseos      5.8 M
 curl                     x86_64  7.61.1-34.el8_10.11                    baseos      354 k
 glibc                    x86_64  2.28-251.el8_10.37                     baseos      2.2 M
 glibc-common             x86_64  2.28-251.el8_10.37                     baseos      1.0 M
 glibc-minimal-langpack   x86_64  2.28-251.el8_10.37                     baseos       73 k
 libcurl-minimal          x86_64  7.61.1-34.el8_10.11                    baseos      293 k
 libgcc                   x86_64  8.5.0-28.el8_10                        baseos       81 k
 tar                      x86_64  2:1.30-11.el8_10                       baseos      838 k
Installing dependencies:
 blas                     x86_64  3.8.0-9.el8_10                         appstream   426 k
 cmake-data               noarch  3.26.5-2.el8                           appstream   1.9 M
 cmake-filesystem         x86_64  3.26.5-2.el8                           appstream    44 k
 cmake-rpm-macros         noarch  3.26.5-2.el8                           appstream    43 k
 cpp                      x86_64  8.5.0-28.el8_10                        appstream    10 M
 emacs-filesystem         noarch  1:26.1-15.el8_10                       baseos       70 k
 glibc-devel              x86_64  2.28-251.el8_10.37                     baseos       91 k
 glibc-headers            x86_64  2.28-251.el8_10.37                     baseos      496 k
 isl                      x86_64  0.16.1-6.el8                           appstream   834 k
 kernel-headers           x86_64  4.18.0-553.137.1.el8_10                baseos       12 M
 lapack                   x86_64  3.8.0-9.el8_10                         appstream   8.6 M
 libgfortran              x86_64  8.5.0-28.el8_10                        baseos      645 k
 libgomp                  x86_64  8.5.0-28.el8_10                        baseos      208 k
 libmpc                   x86_64  1.1.0-9.1.el8                          appstream    60 k
 libpkgconf               x86_64  1.4.2-1.el8                            baseos       34 k
 libquadmath              x86_64  8.5.0-28.el8_10                        baseos      172 k
 libquadmath-devel        x86_64  8.5.0-28.el8_10                        appstream    26 k
 libuv                    x86_64  1:1.41.1-2.el8_10                      appstream   155 k
 libxcrypt-devel          x86_64  4.1.1-6.el8                            baseos       24 k
 pkgconf                  x86_64  1.4.2-1.el8                            baseos       37 k
 pkgconf-m4               noarch  1.4.2-1.el8                            baseos       16 k
 pkgconf-pkg-config       x86_64  1.4.2-1.el8                            baseos       14 k
 platform-python-pip      noarch  9.0.3-24.el8.rocky.0                   baseos      1.6 M
 python3-pip              noarch  9.0.3-24.el8.rocky.0                   appstream    20 k
 python3-setuptools       noarch  39.2.0-7.el8                           baseos      162 k
 vim-filesystem           noarch  2:8.0.1763-24.el8_10                   appstream    51 k
Installing weak dependencies:
 glibc-gconv-extra        x86_64  2.28-251.el8_10.37                     baseos      1.6 M
 glibc-langpack-en        x86_64  2.28-251.el8_10.37                     baseos      834 k
Enabling module streams:
 python36                         3.6                                                     

Transaction Summary
==========================================================================================
Install  37 Packages
Upgrade   8 Packages

Total download size: 101 M
Downloading Packages:
(1/45): blas-3.8.0-9.el8_10.x86_64.rpm          1.1 MB/s | 426 kB     00:00    
(2/45): cmake-filesystem-3.26.5-2.el8.x86_64.rp 1.0 MB/s |  44 kB     00:00    
(3/45): cmake-rpm-macros-3.26.5-2.el8.noarch.rp 940 kB/s |  43 kB     00:00    
(4/45): cmake-data-3.26.5-2.el8.noarch.rpm      3.4 MB/s | 1.9 MB     00:00    
(5/45): cmake-3.26.5-2.el8.x86_64.rpm            17 MB/s |  14 MB     00:00    
(6/45): cpp-8.5.0-28.el8_10.x86_64.rpm           23 MB/s |  10 MB     00:00    
(7/45): gcc-gfortran-8.5.0-28.el8_10.x86_64.rpm  73 MB/s |  12 MB     00:00    
(8/45): isl-0.16.1-6.el8.x86_64.rpm              17 MB/s | 834 kB     00:00    
(9/45): gcc-8.5.0-28.el8_10.x86_64.rpm           51 MB/s |  23 MB     00:00    
(10/45): libmpc-1.1.0-9.1.el8.x86_64.rpm        1.1 MB/s |  60 kB     00:00    
(11/45): lapack-3.8.0-9.el8_10.x86_64.rpm        77 MB/s | 8.6 MB     00:00    
(12/45): libquadmath-devel-8.5.0-28.el8_10.x86_ 467 kB/s |  26 kB     00:00    
(13/45): libuv-1.41.1-2.el8_10.x86_64.rpm       3.1 MB/s | 155 kB     00:00    
(14/45): python3-pip-9.0.3-24.el8.rocky.0.noarc 477 kB/s |  20 kB     00:00    
(15/45): python36-3.6.8-39.module+el8.10.0+1910 443 kB/s |  18 kB     00:00    
(16/45): vim-filesystem-8.0.1763-24.el8_10.noar 1.2 MB/s |  51 kB     00:00    
(17/45): emacs-filesystem-26.1-15.el8_10.noarch 437 kB/s |  70 kB     00:00    
(18/45): glibc-devel-2.28-251.el8_10.37.x86_64. 464 kB/s |  91 kB     00:00    
(19/45): glibc-headers-2.28-251.el8_10.37.x86_6 2.1 MB/s | 496 kB     00:00    
(20/45): findutils-4.6.0-24.el8_10.x86_64.rpm   1.0 MB/s | 526 kB     00:00    
(21/45): glibc-langpack-en-2.28-251.el8_10.37.x 2.5 MB/s | 834 kB     00:00    
(22/45): glibc-gconv-extra-2.28-251.el8_10.37.x 2.5 MB/s | 1.6 MB     00:00    
(23/45): libgfortran-8.5.0-28.el8_10.x86_64.rpm 3.9 MB/s | 645 kB     00:00    
(24/45): libpkgconf-1.4.2-1.el8.x86_64.rpm      420 kB/s |  34 kB     00:00    
(25/45): kernel-headers-4.18.0-553.137.1.el8_10  18 MB/s |  12 MB     00:00    
(26/45): libxcrypt-devel-4.1.1-6.el8.x86_64.rpm 329 kB/s |  24 kB     00:00    
(27/45): libgomp-8.5.0-28.el8_10.x86_64.rpm     482 kB/s | 208 kB     00:00    
(28/45): pkgconf-1.4.2-1.el8.x86_64.rpm         465 kB/s |  37 kB     00:00    
(29/45): make-4.2.1-11.el8.x86_64.rpm           4.2 MB/s | 497 kB     00:00    
(30/45): pkgconf-m4-1.4.2-1.el8.noarch.rpm      208 kB/s |  16 kB     00:00    
(31/45): libquadmath-8.5.0-28.el8_10.x86_64.rpm 463 kB/s | 172 kB     00:00    
(32/45): pkgconf-pkg-config-1.4.2-1.el8.x86_64. 206 kB/s |  14 kB     00:00    
(33/45): python3-setuptools-39.2.0-7.el8.noarch 1.7 MB/s | 162 kB     00:00    
(34/45): unzip-6.0-48.el8_10.x86_64.rpm         2.2 MB/s | 195 kB     00:00    
(35/45): platform-python-pip-9.0.3-24.el8.rocky 4.1 MB/s | 1.6 MB     00:00    
(36/45): blas-devel-3.8.0-9.el8_10.x86_64.rpm    66 kB/s |  25 kB     00:00    
(37/45): lapack-devel-3.8.0-9.el8_10.x86_64.rpm 200 kB/s |  88 kB     00:00    
(38/45): glibc-2.28-251.el8_10.37.x86_64.rpm     10 MB/s | 2.2 MB     00:00    
(39/45): binutils-2.30-128.el8_10.x86_64.rpm     12 MB/s | 5.8 MB     00:00    
(40/45): curl-7.61.1-34.el8_10.11.x86_64.rpm    779 kB/s | 354 kB     00:00    
(41/45): glibc-minimal-langpack-2.28-251.el8_10 871 kB/s |  73 kB     00:00    
(42/45): glibc-common-2.28-251.el8_10.37.x86_64 4.2 MB/s | 1.0 MB     00:00    
(43/45): libgcc-8.5.0-28.el8_10.x86_64.rpm      1.0 MB/s |  81 kB     00:00    
(44/45): libcurl-minimal-7.61.1-34.el8_10.11.x8 2.9 MB/s | 293 kB     00:00    
(45/45): tar-1.30-11.el8_10.x86_64.rpm          5.7 MB/s | 838 kB     00:00    
--------------------------------------------------------------------------------
Total                                            26 MB/s | 101 MB     00:03     
Running transaction check
Transaction check succeeded.
Running transaction test
Transaction test succeeded.
Running transaction
  Preparing        :                                                        1/1 
  Upgrading        : libgcc-8.5.0-28.el8_10.x86_64                         1/53 
  Running scriptlet: libgcc-8.5.0-28.el8_10.x86_64                         1/53 
  Installing       : cmake-rpm-macros-3.26.5-2.el8.noarch                  2/53 
  Installing       : cmake-filesystem-3.26.5-2.el8.x86_64                  3/53 
  Installing       : glibc-langpack-en-2.28-251.el8_10.37.x86_64           4/53 
  Upgrading        : glibc-common-2.28-251.el8_10.37.x86_64                5/53 
  Running scriptlet: glibc-2.28-251.el8_10.37.x86_64                       6/53 
  Upgrading        : glibc-2.28-251.el8_10.37.x86_64                       6/53 
  Running scriptlet: glibc-2.28-251.el8_10.37.x86_64                       6/53 
  Installing       : glibc-gconv-extra-2.28-251.el8_10.37.x86_64           7/53 
  Running scriptlet: glibc-gconv-extra-2.28-251.el8_10.37.x86_64           7/53 
  Installing       : libmpc-1.1.0-9.1.el8.x86_64                           8/53 
  Installing       : libquadmath-8.5.0-28.el8_10.x86_64                    9/53 
  Running scriptlet: libquadmath-8.5.0-28.el8_10.x86_64                    9/53 
  Installing       : libgfortran-8.5.0-28.el8_10.x86_64                   10/53 
  Running scriptlet: libgfortran-8.5.0-28.el8_10.x86_64                   10/53 
  Installing       : blas-3.8.0-9.el8_10.x86_64                           11/53 
  Running scriptlet: blas-3.8.0-9.el8_10.x86_64                           11/53 
  Upgrading        : libcurl-minimal-7.61.1-34.el8_10.11.x86_64           12/53 
  Installing       : lapack-3.8.0-9.el8_10.x86_64                         13/53 
  Running scriptlet: lapack-3.8.0-9.el8_10.x86_64                         13/53 
  Installing       : cpp-8.5.0-28.el8_10.x86_64                           14/53 
  Running scriptlet: cpp-8.5.0-28.el8_10.x86_64                           14/53 
  Installing       : isl-0.16.1-6.el8.x86_64                              15/53 
  Running scriptlet: isl-0.16.1-6.el8.x86_64                              15/53 
  Installing       : libuv-1:1.41.1-2.el8_10.x86_64                       16/53 
  Installing       : libgomp-8.5.0-28.el8_10.x86_64                       17/53 
  Running scriptlet: libgomp-8.5.0-28.el8_10.x86_64                       17/53 
  Installing       : libpkgconf-1.4.2-1.el8.x86_64                        18/53 
  Installing       : pkgconf-1.4.2-1.el8.x86_64                           19/53 
  Installing       : make-1:4.2.1-11.el8.x86_64                           20/53 
  Running scriptlet: make-1:4.2.1-11.el8.x86_64                           20/53 
  Upgrading        : binutils-2.30-128.el8_10.x86_64                      21/53 
  Running scriptlet: binutils-2.30-128.el8_10.x86_64                      21/53 
  Installing       : python3-setuptools-39.2.0-7.el8.noarch               22/53 
  Installing       : platform-python-pip-9.0.3-24.el8.rocky.0.noarch      23/53 
  Installing       : python36-3.6.8-39.module+el8.10.0+1910+234ad790.x8   24/53 
  Running scriptlet: python36-3.6.8-39.module+el8.10.0+1910+234ad790.x8   24/53 
  Installing       : python3-pip-9.0.3-24.el8.rocky.0.noarch              25/53 
  Installing       : pkgconf-m4-1.4.2-1.el8.noarch                        26/53 
  Installing       : pkgconf-pkg-config-1.4.2-1.el8.x86_64                27/53 
  Installing       : kernel-headers-4.18.0-553.137.1.el8_10.x86_64        28/53 
  Running scriptlet: glibc-headers-2.28-251.el8_10.37.x86_64              29/53 
  Installing       : glibc-headers-2.28-251.el8_10.37.x86_64              29/53 
  Installing       : libxcrypt-devel-4.1.1-6.el8.x86_64                   30/53 
  Installing       : glibc-devel-2.28-251.el8_10.37.x86_64                31/53 
  Running scriptlet: glibc-devel-2.28-251.el8_10.37.x86_64                31/53 
  Installing       : gcc-8.5.0-28.el8_10.x86_64                           32/53 
  Running scriptlet: gcc-8.5.0-28.el8_10.x86_64                           32/53 
  Installing       : libquadmath-devel-8.5.0-28.el8_10.x86_64             33/53 
  Installing       : gcc-gfortran-8.5.0-28.el8_10.x86_64                  34/53 
  Running scriptlet: gcc-gfortran-8.5.0-28.el8_10.x86_64                  34/53 
  Installing       : blas-devel-3.8.0-9.el8_10.x86_64                     35/53 
  Installing       : emacs-filesystem-1:26.1-15.el8_10.noarch             36/53 
  Installing       : vim-filesystem-2:8.0.1763-24.el8_10.noarch           37/53 
  Installing       : cmake-data-3.26.5-2.el8.noarch                       38/53 
  Installing       : cmake-3.26.5-2.el8.x86_64                            39/53 
  Installing       : lapack-devel-3.8.0-9.el8_10.x86_64                   40/53 
  Upgrading        : curl-7.61.1-34.el8_10.11.x86_64                      41/53 
  Installing       : findutils-1:4.6.0-24.el8_10.x86_64                   42/53 
  Running scriptlet: findutils-1:4.6.0-24.el8_10.x86_64                   42/53 
  Installing       : unzip-6.0-48.el8_10.x86_64                           43/53 
  Upgrading        : glibc-minimal-langpack-2.28-251.el8_10.37.x86_64     44/53 
  Upgrading        : tar-2:1.30-11.el8_10.x86_64                          45/53 
  Running scriptlet: tar-2:1.30-11.el8_10.x86_64                          45/53 
  Running scriptlet: binutils-2.30-123.el8.x86_64                         46/53 
  Cleanup          : binutils-2.30-123.el8.x86_64                         46/53 
  Running scriptlet: binutils-2.30-123.el8.x86_64                         46/53 
  Cleanup          : curl-7.61.1-33.el8.x86_64                            47/53 
  Cleanup          : libcurl-minimal-7.61.1-33.el8.x86_64                 48/53 
  Running scriptlet: tar-2:1.30-9.el8.x86_64                              49/53 
  Cleanup          : tar-2:1.30-9.el8.x86_64                              49/53 
  Cleanup          : glibc-2.28-236.el8_9.7.x86_64                        50/53 
  Cleanup          : glibc-minimal-langpack-2.28-236.el8_9.7.x86_64       51/53 
  Cleanup          : glibc-common-2.28-236.el8_9.7.x86_64                 52/53 
  Cleanup          : libgcc-8.5.0-20.el8.x86_64                           53/53 
  Running scriptlet: libgcc-8.5.0-20.el8.x86_64                           53/53 
  Running scriptlet: glibc-common-2.28-251.el8_10.37.x86_64               53/53 
  Verifying        : blas-3.8.0-9.el8_10.x86_64                            1/53 
  Verifying        : cmake-3.26.5-2.el8.x86_64                             2/53 
  Verifying        : cmake-data-3.26.5-2.el8.noarch                        3/53 
  Verifying        : cmake-filesystem-3.26.5-2.el8.x86_64                  4/53 
  Verifying        : cmake-rpm-macros-3.26.5-2.el8.noarch                  5/53 
  Verifying        : cpp-8.5.0-28.el8_10.x86_64                            6/53 
  Verifying        : gcc-8.5.0-28.el8_10.x86_64                            7/53 
  Verifying        : gcc-gfortran-8.5.0-28.el8_10.x86_64                   8/53 
  Verifying        : isl-0.16.1-6.el8.x86_64                               9/53 
  Verifying        : lapack-3.8.0-9.el8_10.x86_64                         10/53 
  Verifying        : libmpc-1.1.0-9.1.el8.x86_64                          11/53 
  Verifying        : libquadmath-devel-8.5.0-28.el8_10.x86_64             12/53 
  Verifying        : libuv-1:1.41.1-2.el8_10.x86_64                       13/53 
  Verifying        : python3-pip-9.0.3-24.el8.rocky.0.noarch              14/53 
  Verifying        : python36-3.6.8-39.module+el8.10.0+1910+234ad790.x8   15/53 
  Verifying        : vim-filesystem-2:8.0.1763-24.el8_10.noarch           16/53 
  Verifying        : emacs-filesystem-1:26.1-15.el8_10.noarch             17/53 
  Verifying        : findutils-1:4.6.0-24.el8_10.x86_64                   18/53 
  Verifying        : glibc-devel-2.28-251.el8_10.37.x86_64                19/53 
  Verifying        : glibc-gconv-extra-2.28-251.el8_10.37.x86_64          20/53 
  Verifying        : glibc-headers-2.28-251.el8_10.37.x86_64              21/53 
  Verifying        : glibc-langpack-en-2.28-251.el8_10.37.x86_64          22/53 
  Verifying        : kernel-headers-4.18.0-553.137.1.el8_10.x86_64        23/53 
  Verifying        : libgfortran-8.5.0-28.el8_10.x86_64                   24/53 
  Verifying        : libgomp-8.5.0-28.el8_10.x86_64                       25/53 
  Verifying        : libpkgconf-1.4.2-1.el8.x86_64                        26/53 
  Verifying        : libquadmath-8.5.0-28.el8_10.x86_64                   27/53 
  Verifying        : libxcrypt-devel-4.1.1-6.el8.x86_64                   28/53 
  Verifying        : make-1:4.2.1-11.el8.x86_64                           29/53 
  Verifying        : pkgconf-1.4.2-1.el8.x86_64                           30/53 
  Verifying        : pkgconf-m4-1.4.2-1.el8.noarch                        31/53 
  Verifying        : pkgconf-pkg-config-1.4.2-1.el8.x86_64                32/53 
  Verifying        : platform-python-pip-9.0.3-24.el8.rocky.0.noarch      33/53 
  Verifying        : python3-setuptools-39.2.0-7.el8.noarch               34/53 
  Verifying        : unzip-6.0-48.el8_10.x86_64                           35/53 
  Verifying        : blas-devel-3.8.0-9.el8_10.x86_64                     36/53 
  Verifying        : lapack-devel-3.8.0-9.el8_10.x86_64                   37/53 
  Verifying        : binutils-2.30-128.el8_10.x86_64                      38/53 
  Verifying        : binutils-2.30-123.el8.x86_64                         39/53 
  Verifying        : curl-7.61.1-34.el8_10.11.x86_64                      40/53 
  Verifying        : curl-7.61.1-33.el8.x86_64                            41/53 
  Verifying        : glibc-2.28-251.el8_10.37.x86_64                      42/53 
  Verifying        : glibc-2.28-236.el8_9.7.x86_64                        43/53 
  Verifying        : glibc-common-2.28-251.el8_10.37.x86_64               44/53 
  Verifying        : glibc-common-2.28-236.el8_9.7.x86_64                 45/53 
  Verifying        : glibc-minimal-langpack-2.28-251.el8_10.37.x86_64     46/53 
  Verifying        : glibc-minimal-langpack-2.28-236.el8_9.7.x86_64       47/53 
  Verifying        : libcurl-minimal-7.61.1-34.el8_10.11.x86_64           48/53 
  Verifying        : libcurl-minimal-7.61.1-33.el8.x86_64                 49/53 
  Verifying        : libgcc-8.5.0-28.el8_10.x86_64                        50/53 
  Verifying        : libgcc-8.5.0-20.el8.x86_64                           51/53 
  Verifying        : tar-2:1.30-11.el8_10.x86_64                          52/53 
  Verifying        : tar-2:1.30-9.el8.x86_64                              53/53 

Upgraded:
  binutils-2.30-128.el8_10.x86_64                                               
  curl-7.61.1-34.el8_10.11.x86_64                                               
  glibc-2.28-251.el8_10.37.x86_64                                               
  glibc-common-2.28-251.el8_10.37.x86_64                                        
  glibc-minimal-langpack-2.28-251.el8_10.37.x86_64                              
  libcurl-minimal-7.61.1-34.el8_10.11.x86_64                                    
  libgcc-8.5.0-28.el8_10.x86_64                                                 
  tar-2:1.30-11.el8_10.x86_64                                                   
Installed:
  blas-3.8.0-9.el8_10.x86_64                                                    
  blas-devel-3.8.0-9.el8_10.x86_64                                              
  cmake-3.26.5-2.el8.x86_64                                                     
  cmake-data-3.26.5-2.el8.noarch                                                
  cmake-filesystem-3.26.5-2.el8.x86_64                                          
  cmake-rpm-macros-3.26.5-2.el8.noarch                                          
  cpp-8.5.0-28.el8_10.x86_64                                                    
  emacs-filesystem-1:26.1-15.el8_10.noarch                                      
  findutils-1:4.6.0-24.el8_10.x86_64                                            
  gcc-8.5.0-28.el8_10.x86_64                                                    
  gcc-gfortran-8.5.0-28.el8_10.x86_64                                           
  glibc-devel-2.28-251.el8_10.37.x86_64                                         
  glibc-gconv-extra-2.28-251.el8_10.37.x86_64                                   
  glibc-headers-2.28-251.el8_10.37.x86_64                                       
  glibc-langpack-en-2.28-251.el8_10.37.x86_64                                   
  isl-0.16.1-6.el8.x86_64                                                       
  kernel-headers-4.18.0-553.137.1.el8_10.x86_64                                 
  lapack-3.8.0-9.el8_10.x86_64                                                  
  lapack-devel-3.8.0-9.el8_10.x86_64                                            
  libgfortran-8.5.0-28.el8_10.x86_64                                            
  libgomp-8.5.0-28.el8_10.x86_64                                                
  libmpc-1.1.0-9.1.el8.x86_64                                                   
  libpkgconf-1.4.2-1.el8.x86_64                                                 
  libquadmath-8.5.0-28.el8_10.x86_64                                            
  libquadmath-devel-8.5.0-28.el8_10.x86_64                                      
  libuv-1:1.41.1-2.el8_10.x86_64                                                
  libxcrypt-devel-4.1.1-6.el8.x86_64                                            
  make-1:4.2.1-11.el8.x86_64                                                    
  pkgconf-1.4.2-1.el8.x86_64                                                    
  pkgconf-m4-1.4.2-1.el8.noarch                                                 
  pkgconf-pkg-config-1.4.2-1.el8.x86_64                                         
  platform-python-pip-9.0.3-24.el8.rocky.0.noarch                               
  python3-pip-9.0.3-24.el8.rocky.0.noarch                                       
  python3-setuptools-39.2.0-7.el8.noarch                                        
  python36-3.6.8-39.module+el8.10.0+1910+234ad790.x86_64                        
  unzip-6.0-48.el8_10.x86_64                                                    
  vim-filesystem-2:8.0.1763-24.el8_10.noarch                                    

Complete!

## Toolchain
/usr/bin/gcc
/usr/bin/gfortran
gcc (GCC) 8.5.0 20210514 (Red Hat 8.5.0-28)
Copyright (C) 2018 Free Software Foundation, Inc.
This is free software; see the source for copying conditions.  There is NO
GNU Fortran (GCC) 8.5.0 20210514 (Red Hat 8.5.0-28)
Copyright (C) 2018 Free Software Foundation, Inc.
This is free software; see the source for copying conditions.  There is NO
cmake version 3.26.5

CMake suite maintained and supported by Kitware (kitware.com/cmake).
1.13.2
-- The C compiler identification is GNU 8.5.0
-- The Fortran compiler identification is GNU 8.5.0
-- Detecting C compiler ABI info
-- Detecting C compiler ABI info - done
-- Check for working C compiler: /usr/bin/cc - skipped
-- Detecting C compile features
-- Detecting C compile features - done
-- Detecting Fortran compiler ABI info
-- Detecting Fortran compiler ABI info - done
-- Check for working Fortran compiler: /usr/bin/gfortran - skipped
-- Looking for Fortran sgemm
-- Looking for Fortran sgemm - not found
-- Performing Test CMAKE_HAVE_LIBC_PTHREAD
-- Performing Test CMAKE_HAVE_LIBC_PTHREAD - Failed
-- Looking for pthread_create in pthreads
-- Looking for pthread_create in pthreads - not found
-- Looking for pthread_create in pthread
-- Looking for pthread_create in pthread - found
-- Found Threads: TRUE  
-- Looking for Fortran sgemm
-- Looking for Fortran sgemm - found
-- Found BLAS: /usr/lib64/libblas.so  
-- Looking for Fortran cheev
-- Looking for Fortran cheev - not found
-- Looking for Fortran cheev
-- Looking for Fortran cheev - found
-- Found LAPACK: /usr/lib64/liblapack.so;/usr/lib64/libblas.so  
-- BLAS libraries: /usr/lib64/libblas.so
-- LAPACK libraries: /usr/lib64/liblapack.so;/usr/lib64/libblas.so
-- Performing Test MULTIWFN_SUPPORTS__fallow_argument_mismatch
-- Performing Test MULTIWFN_SUPPORTS__fallow_argument_mismatch - Failed
-- Performing Test MULTIWFN_SUPPORTS__fallow_invalid_boz
-- Performing Test MULTIWFN_SUPPORTS__fallow_invalid_boz - Failed
-- Found OpenMP_C: -fopenmp (found version "4.5") 
-- Found OpenMP_Fortran: -fopenmp (found version "4.5") 
-- Found OpenMP: TRUE (found version "4.5")  
-- Configuring done (1.4s)
-- Generating done (0.0s)
-- Build files have been written to: /work/build-rocky8-gcc8-o2
[1/123] Building Fortran preprocessed CMakeFiles/Multiwfn_noGUI.dir/noGUI/dislin_mod_empty.f90-pp.f90
[2/123] Building Fortran preprocessed CMakeFiles/Multiwfn_noGUI.dir/define.f90-pp.f90
[3/123] Building Fortran preprocessed CMakeFiles/Multiwfn_noGUI.dir/util.f90-pp.f90
[4/123] Building Fortran preprocessed CMakeFiles/Multiwfn_noGUI.dir/noGUI/dislin_d_empty.f90-pp.f90
[5/123] Building Fortran preprocessed CMakeFiles/Multiwfn_noGUI.dir/noGUI/mouse_rotate_empty.f90-pp.f90
[6/123] Building Fortran preprocessed CMakeFiles/Multiwfn_noGUI.dir/Bspline.f90-pp.f90
[7/123] Building Fortran preprocessed CMakeFiles/Multiwfn_noGUI.dir/sym.F-pp.f
[8/123] Building Fortran preprocessed CMakeFiles/Multiwfn_noGUI.dir/libreta_hybrid/libreta.f90-pp.f90
[9/123] Building Fortran preprocessed CMakeFiles/Multiwfn_noGUI.dir/plot.f90-pp.f90
[10/123] Building Fortran preprocessed CMakeFiles/Multiwfn_noGUI.dir/function.f90-pp.f90
[11/123] Building Fortran preprocessed CMakeFiles/Multiwfn_noGUI.dir/GUI.f90-pp.f90
[12/123] Building Fortran preprocessed CMakeFiles/Multiwfn_noGUI.dir/sub.f90-pp.f90
[13/123] Building Fortran preprocessed CMakeFiles/Multiwfn_noGUI.dir/integral.f90-pp.f90
[14/123] Building Fortran preprocessed CMakeFiles/Multiwfn_noGUI.dir/Lebedev-Laikov.F-pp.f
[15/123] Generating Fortran dependencies for /work/DFTxclib.F
[16/123] Building Fortran preprocessed CMakeFiles/Multiwfn_noGUI.dir/fparser.f90-pp.f90
[17/123] Building Fortran preprocessed CMakeFiles/Multiwfn_noGUI.dir/edflib.f90-pp.f90
[18/123] Building Fortran preprocessed CMakeFiles/Multiwfn_noGUI.dir/spectrum.f90-pp.f90
[19/123] Building Fortran preprocessed CMakeFiles/Multiwfn_noGUI.dir/fileIO.f90-pp.f90
[20/123] Building Fortran preprocessed CMakeFiles/Multiwfn_noGUI.dir/DOS.f90-pp.f90
[21/123] Building Fortran preprocessed CMakeFiles/Multiwfn_noGUI.dir/Multiwfn.f90-pp.f90
[22/123] Building Fortran preprocessed CMakeFiles/Multiwfn_noGUI.dir/LSB.f90-pp.f90
[23/123] Building Fortran preprocessed CMakeFiles/Multiwfn_noGUI.dir/0123dim.f90-pp.f90
[24/123] Building Fortran preprocessed CMakeFiles/Multiwfn_noGUI.dir/ext/frj.f90-pp.f90
[25/123] Building Fortran preprocessed CMakeFiles/Multiwfn_noGUI.dir/population.f90-pp.f90
[26/123] Building Fortran preprocessed CMakeFiles/Multiwfn_noGUI.dir/orbcomp.f90-pp.f90
[27/123] Building Fortran preprocessed CMakeFiles/Multiwfn_noGUI.dir/bondorder.f90-pp.f90
[28/123] Building Fortran preprocessed CMakeFiles/Multiwfn_noGUI.dir/topology.f90-pp.f90
[29/123] Building Fortran preprocessed CMakeFiles/Multiwfn_noGUI.dir/excittrans.f90-pp.f90
[30/123] Building Fortran preprocessed CMakeFiles/Multiwfn_noGUI.dir/otherfunc.f90-pp.f90
[31/123] Building Fortran preprocessed CMakeFiles/Multiwfn_noGUI.dir/otherfunc2.f90-pp.f90
[32/123] Building Fortran preprocessed CMakeFiles/Multiwfn_noGUI.dir/O1.f90-pp.f90
[33/123] Building Fortran preprocessed CMakeFiles/Multiwfn_noGUI.dir/otherfunc3.f90-pp.f90
[34/123] Building Fortran preprocessed CMakeFiles/Multiwfn_noGUI.dir/procgriddata.f90-pp.f90
[35/123] Building Fortran preprocessed CMakeFiles/Multiwfn_noGUI.dir/surfana.f90-pp.f90
[36/123] Building Fortran preprocessed CMakeFiles/Multiwfn_noGUI.dir/AdNDP.f90-pp.f90
[37/123] Building Fortran preprocessed CMakeFiles/Multiwfn_noGUI.dir/fuzzy.f90-pp.f90
[38/123] Building Fortran preprocessed CMakeFiles/Multiwfn_noGUI.dir/CDA.f90-pp.f90
[39/123] Building Fortran preprocessed CMakeFiles/Multiwfn_noGUI.dir/basin.f90-pp.f90
[40/123] Building Fortran preprocessed CMakeFiles/Multiwfn_noGUI.dir/orbloc.f90-pp.f90
[41/123] Building Fortran preprocessed CMakeFiles/Multiwfn_noGUI.dir/visweak.f90-pp.f90
[42/123] Building Fortran preprocessed CMakeFiles/Multiwfn_noGUI.dir/EDA.f90-pp.f90
[43/123] Building Fortran preprocessed CMakeFiles/Multiwfn_noGUI.dir/CDFT.f90-pp.f90
[44/123] Building Fortran preprocessed CMakeFiles/Multiwfn_noGUI.dir/ETS_NOCV.f90-pp.f90
[45/123] Building Fortran preprocessed CMakeFiles/Multiwfn_noGUI.dir/NAONBO.f90-pp.f90
[46/123] Building Fortran preprocessed CMakeFiles/Multiwfn_noGUI.dir/atmraddens.f90-pp.f90
[47/123] Building Fortran preprocessed CMakeFiles/Multiwfn_noGUI.dir/PBC.f90-pp.f90
[48/123] Building Fortran preprocessed CMakeFiles/Multiwfn_noGUI.dir/grid.f90-pp.f90
[49/123] Building Fortran preprocessed CMakeFiles/Multiwfn_noGUI.dir/deloc_aromat.f90-pp.f90
[50/123] Building Fortran preprocessed CMakeFiles/Multiwfn_noGUI.dir/hyper_polar.f90-pp.f90
[51/123] Building Fortran preprocessed CMakeFiles/Multiwfn_noGUI.dir/minpack.f90-pp.f90
[52/123] Building Fortran preprocessed CMakeFiles/Multiwfn_noGUI.dir/cp2kmate.f90-pp.f90
[53/123] Building Fortran preprocessed CMakeFiles/Multiwfn_noGUI.dir/libreta_hybrid/ean.f90-pp.f90
[54/123] Building Fortran preprocessed CMakeFiles/Multiwfn_noGUI.dir/libreta_hybrid/hrr_012345.f90-pp.f90
[55/123] Building Fortran preprocessed CMakeFiles/Multiwfn_noGUI.dir/libreta_hybrid/blockhrr_012345.f90-pp.f90
[56/123] Building Fortran preprocessed CMakeFiles/Multiwfn_noGUI.dir/libreta_hybrid/eanvrr_012345.f90-pp.f90
[57/123] Building Fortran preprocessed CMakeFiles/Multiwfn_noGUI.dir/libreta_hybrid/boysfunc.f90-pp.f90
[58/123] Building Fortran preprocessed CMakeFiles/Multiwfn_noGUI.dir/libreta_hybrid/naiveeri.f90-pp.f90
[59/123] Building Fortran preprocessed CMakeFiles/Multiwfn_noGUI.dir/ext/2F2.f90-pp.f90
[60/123] Building Fortran preprocessed CMakeFiles/Multiwfn_noGUI.dir/libreta_hybrid/ryspoly.f90-pp.f90
[61/123] Generating Fortran dyndep file CMakeFiles/Multiwfn_noGUI.dir/Fortran.dd
[62/123] Building Fortran object CMakeFiles/Multiwfn_noGUI.dir/noGUI/dislin_mod_empty.f90.o
[63/123] Building C object CMakeFiles/Multiwfn_noGUI.dir/ext/no2F2.c.o
[64/123] Building Fortran object CMakeFiles/Multiwfn_noGUI.dir/define.f90.o
[65/123] Building Fortran object CMakeFiles/Multiwfn_noGUI.dir/noGUI/dislin_d_empty.f90.o
[66/123] Building Fortran object CMakeFiles/Multiwfn_noGUI.dir/noGUI/mouse_rotate_empty.f90.o
[67/123] Building Fortran object CMakeFiles/Multiwfn_noGUI.dir/util.f90.o
/work/util.f90:1103:0:

 inname=trim(c200tmp)//'_'//trim(inname)
 
Warning: '__builtin_memset' specified size between 9223372036854775808 and 18446744073709551615 exceeds maximum object size 9223372036854775807 [-Wstringop-overflow=]
[68/123] Building Fortran object CMakeFiles/Multiwfn_noGUI.dir/Bspline.f90.o
[69/123] Building Fortran object CMakeFiles/Multiwfn_noGUI.dir/sym.F.o
[70/123] Building Fortran object CMakeFiles/Multiwfn_noGUI.dir/integral.f90.o
[71/123] Building Fortran object CMakeFiles/Multiwfn_noGUI.dir/Lebedev-Laikov.F.o
[72/123] Building Fortran object CMakeFiles/Multiwfn_noGUI.dir/edflib.f90.o
[73/123] Building Fortran object CMakeFiles/Multiwfn_noGUI.dir/fparser.f90.o
[74/123] Building Fortran object CMakeFiles/Multiwfn_noGUI.dir/DFTxclib.F.o
[75/123] Building Fortran object CMakeFiles/Multiwfn_noGUI.dir/bondorder.f90.o
[76/123] Building Fortran object CMakeFiles/Multiwfn_noGUI.dir/O1.f90.o
[77/123] Building Fortran object CMakeFiles/Multiwfn_noGUI.dir/CDA.f90.o
[78/123] Building Fortran object CMakeFiles/Multiwfn_noGUI.dir/EDA.f90.o
[79/123] Building Fortran object CMakeFiles/Multiwfn_noGUI.dir/fileIO.f90.o
[80/123] Building Fortran object CMakeFiles/Multiwfn_noGUI.dir/atmraddens.f90.o
[81/123] Building Fortran object CMakeFiles/Multiwfn_noGUI.dir/NAONBO.f90.o
[82/123] Building Fortran object CMakeFiles/Multiwfn_noGUI.dir/PBC.f90.o
[83/123] Building Fortran object CMakeFiles/Multiwfn_noGUI.dir/minpack.f90.o
[84/123] Building Fortran object CMakeFiles/Multiwfn_noGUI.dir/cp2kmate.f90.o
[85/123] Building Fortran object CMakeFiles/Multiwfn_noGUI.dir/libreta_hybrid/hrr_012345.f90.o
[86/123] Building Fortran object CMakeFiles/Multiwfn_noGUI.dir/libreta_hybrid/boysfunc.f90.o
[87/123] Building Fortran object CMakeFiles/Multiwfn_noGUI.dir/libreta_hybrid/eanvrr_012345.f90.o
[88/123] Building Fortran object CMakeFiles/Multiwfn_noGUI.dir/libreta_hybrid/ryspoly.f90.o
[89/123] Building Fortran object CMakeFiles/Multiwfn_noGUI.dir/libreta_hybrid/naiveeri.f90.o
[90/123] Building Fortran object CMakeFiles/Multiwfn_noGUI.dir/ext/2F2.f90.o
[91/123] Building Fortran object CMakeFiles/Multiwfn_noGUI.dir/libreta_hybrid/blockhrr_012345.f90.o
[92/123] Building Fortran object CMakeFiles/Multiwfn_noGUI.dir/libreta_hybrid/ean.f90.o
[93/123] Building Fortran object CMakeFiles/Multiwfn_noGUI.dir/libreta_hybrid/libreta.f90.o
[94/123] Building Fortran object CMakeFiles/Multiwfn_noGUI.dir/function.f90.o
[95/123] Building Fortran object CMakeFiles/Multiwfn_noGUI.dir/plot.f90.o
[96/123] Building Fortran object CMakeFiles/Multiwfn_noGUI.dir/GUI.f90.o
[97/123] Building Fortran object CMakeFiles/Multiwfn_noGUI.dir/sub.f90.o
[98/123] Building Fortran object CMakeFiles/Multiwfn_noGUI.dir/DOS.f90.o
[99/123] Building Fortran object CMakeFiles/Multiwfn_noGUI.dir/Multiwfn.f90.o
[100/123] Building Fortran object CMakeFiles/Multiwfn_noGUI.dir/spectrum.f90.o
[101/123] Building Fortran object CMakeFiles/Multiwfn_noGUI.dir/LSB.f90.o
[102/123] Building Fortran object CMakeFiles/Multiwfn_noGUI.dir/0123dim.f90.o
[103/123] Building Fortran object CMakeFiles/Multiwfn_noGUI.dir/ext/frj.f90.o
[104/123] Building Fortran object CMakeFiles/Multiwfn_noGUI.dir/orbcomp.f90.o
[105/123] Building Fortran object CMakeFiles/Multiwfn_noGUI.dir/population.f90.o
[106/123] Building Fortran object CMakeFiles/Multiwfn_noGUI.dir/topology.f90.o
[107/123] Building Fortran object CMakeFiles/Multiwfn_noGUI.dir/otherfunc.f90.o
[108/123] Building Fortran object CMakeFiles/Multiwfn_noGUI.dir/excittrans.f90.o
[109/123] Building Fortran object CMakeFiles/Multiwfn_noGUI.dir/otherfunc2.f90.o
[110/123] Building Fortran object CMakeFiles/Multiwfn_noGUI.dir/otherfunc3.f90.o
[111/123] Building Fortran object CMakeFiles/Multiwfn_noGUI.dir/procgriddata.f90.o
[112/123] Building Fortran object CMakeFiles/Multiwfn_noGUI.dir/surfana.f90.o
[113/123] Building Fortran object CMakeFiles/Multiwfn_noGUI.dir/AdNDP.f90.o
[114/123] Building Fortran object CMakeFiles/Multiwfn_noGUI.dir/basin.f90.o
[115/123] Building Fortran object CMakeFiles/Multiwfn_noGUI.dir/fuzzy.f90.o
[116/123] Building Fortran object CMakeFiles/Multiwfn_noGUI.dir/orbloc.f90.o
[117/123] Building Fortran object CMakeFiles/Multiwfn_noGUI.dir/visweak.f90.o
[118/123] Building Fortran object CMakeFiles/Multiwfn_noGUI.dir/CDFT.f90.o
[119/123] Building Fortran object CMakeFiles/Multiwfn_noGUI.dir/grid.f90.o
[120/123] Building Fortran object CMakeFiles/Multiwfn_noGUI.dir/ETS_NOCV.f90.o
[121/123] Building Fortran object CMakeFiles/Multiwfn_noGUI.dir/deloc_aromat.f90.o
[122/123] Building Fortran object CMakeFiles/Multiwfn_noGUI.dir/hyper_polar.f90.o
[123/123] Linking Fortran executable Multiwfn_noGUI
Note: The following floating-point exceptions are signalling: IEEE_INVALID_FLAG
Note: The following floating-point exceptions are signalling: IEEE_INVALID_FLAG
noGUI functional tests passed
	linux-vdso.so.1 (0x00007f5626e2d000)
	libblas.so.3 => /lib64/libblas.so.3 (0x00007f56269ac000)
	liblapack.so.3 => /lib64/liblapack.so.3 (0x00007f562610e000)
	libgomp.so.1 => /lib64/libgomp.so.1 (0x00007f5625ed6000)
	libpthread.so.0 => /lib64/libpthread.so.0 (0x00007f5625cb6000)
	libgfortran.so.5 => /lib64/libgfortran.so.5 (0x00007f5625837000)
	libm.so.6 => /lib64/libm.so.6 (0x00007f56254b5000)
	libgcc_s.so.1 => /lib64/libgcc_s.so.1 (0x00007f562529d000)
	libquadmath.so.0 => /lib64/libquadmath.so.0 (0x00007f562505c000)
	libc.so.6 => /lib64/libc.so.6 (0x00007f5624c86000)
	libdl.so.2 => /lib64/libdl.so.2 (0x00007f5624a82000)
	/lib64/ld-linux-x86-64.so.2 (0x00007f5626c00000)
	libz.so.1 => /lib64/libz.so.1 (0x00007f562486a000)
# Multiwfn Local Grid Benchmark

- Executable: `/work/build-rocky8-gcc8-o2/Multiwfn_noGUI`
- Input: `/tmp/multiwfn-official/Multiwfn_2026.6.2_bin_Linux_noGUI/examples/phenanthrene.fch`
- Grid: `300,300,300`
- Threads: `4`
- Elapsed: `167.432 s`
- Multiwfn internal grid time: `155 s`
- Cube SHA256: `eecf410e6eb61f1631f137fdd6f8001e517137886457f6aa5e651c053a71d238`
- Cube sum: `2341461.999379497`
- Cube sum_abs: `2341461.999379497`

# Linux Optimization Variant

- Variant: `rocky8-gcc8-o2`
- CMake extra: `-DMULTIWFN_GNU_OPT_LEVEL=O2`
- glibc 2.28 compatibility check: `true`

# Multiwfn Local Grid Benchmark

- Executable: `/work/build-rocky8-gcc8-o2/Multiwfn_noGUI`
- Input: `/tmp/multiwfn-official/Multiwfn_2026.6.2_bin_Linux_noGUI/examples/phenanthrene.fch`
- Grid: `300,300,300`
- Threads: `4`
- Elapsed: `167.432 s`
- Multiwfn internal grid time: `155 s`
- Cube SHA256: `eecf410e6eb61f1631f137fdd6f8001e517137886457f6aa5e651c053a71d238`
- Cube sum: `2341461.999379497`
- Cube sum_abs: `2341461.999379497`
